<?xml version="1.0" encoding="UTF-8"?>
<robot generator="Robot 7.2.2 (Python 3.13.3 on win32)" generated="2025-05-23T16:52:04.859324" rpa="false" schemaversion="5">
<suite id="s1" name="LoginTest" source="C:\Users\Abhilsh\Downloads\robot_dummy_project\tests\LoginTest.robot">
<test id="s1-t1" name="Dummy Login Test" line="9">
<kw name="Open Browser" owner="SeleniumLibrary">
<msg time="2025-05-23T16:52:05.239988" level="INFO">Opening browser 'firefox' to base url 'https://www.saucedemo.com/'.</msg>
<arg>${URL}</arg>
<arg>${BROWSER}</arg>
<doc>Opens a new browser instance to the optional ``url``.</doc>
<status status="PASS" start="2025-05-23T16:52:05.239398" elapsed="9.443467"/>
</kw>
<kw name="Page Should Contain" owner="SeleniumLibrary">
<msg time="2025-05-23T16:52:14.777216" level="INFO">Current page contains text 'Swag Labs'.</msg>
<arg>Swag Labs</arg>
<doc>Verifies that current page contains ``text``.</doc>
<status status="PASS" start="2025-05-23T16:52:14.684188" elapsed="0.093343"/>
</kw>
<kw name="Close Browser" owner="SeleniumLibrary">
<doc>Closes the current browser.</doc>
<status status="PASS" start="2025-05-23T16:52:14.778254" elapsed="4.152284"/>
</kw>
<status status="PASS" start="2025-05-23T16:52:05.237303" elapsed="13.693888"/>
</test>
<status status="PASS" start="2025-05-23T16:52:04.862346" elapsed="14.084127"/>
</suite>
<statistics>
<total>
<stat pass="1" fail="0" skip="0">All Tests</stat>
</total>
<tag>
</tag>
<suite>
<stat name="LoginTest" id="s1" pass="1" fail="0" skip="0">LoginTest</stat>
</suite>
</statistics>
<errors>
</errors>
</robot>
